C51 COMPILER V9.57.0.0   MAIN                                                              04/21/2018 00:51:04 PAGE 1   


C51 COMPILER V9.57.0.0, COMPILATION OF MODULE MAIN
OBJECT MODULE PLACED IN .\Objects\main.obj
COMPILER INVOKED BY: C:\Keil_v5\C51\BIN\C51.EXE main.c OPTIMIZE(8,SPEED) BROWSE DEBUG OBJECTEXTEND PRINT(.\Listings\main
                    -.lst) TABS(2) OBJECT(.\Objects\main.obj)

line level    source

   1          #include <at89c51xd2.h>
   2          #include <stdio.h>
   3          
   4          void SetupSerial()
   5          {
   6   1      /*
   7   1        ------------------------------------------------
   8   1        Setup the serial port for 9600 baud at 22.1184MHz.
   9   1        ------------------------------------------------
  10   1      */
  11   1          SCON  = 0x50;               /* SCON: mode 1, 8-bit UART, enable rcvr      */
  12   1          TMOD |= 0x20;               /* TMOD: timer 1, mode 2, 8-bit reload        */
  13   1          
  14   1          /*  TH1 = ( 256 - ((22.1184MHZ / 12 ) / 32) / BaudRate ) = 256 - 6 = 250  */
  15   1          TH1   = 250;                /* TH1:  reload value for 9600 baud @ 22.1184MHz   */
  16   1          TR1   = 1;                  /* TR1:  timer 1 run                          */
  17   1          TI = 0;
  18   1          RI = 0;  
  19   1      }
  20          
  21          unsigned char ToASCII(unsigned char val)
  22          {
  23   1            if( val >= 0  &&  val <=9 )
  24   1                return val + '0';
  25   1            else if ( val >= 0x0A &&  val <= 0x0F) 
  26   1                return val + 'A' - 10;  
  27   1            else
  28   1              return ' ';
  29   1      }
  30          
  31          void main()
  32          {
  33   1         unsigned char key = ' ';
  34   1         unsigned char half_port;
  35   1      
  36   1        
  37   1         SetupSerial();
  38   1        
  39   1         // 183 bytes of code without the printf function
  40   1        
  41   1         // 1216 bytes of code with the printf function
  42   1         printf("Testing Serial UART\r\n");
  43   1         P1 = 0x0F;
  44   1        
  45   1         while(1)
  46   1         {
  47   2           key = getchar();
  48   2           
  49   2           switch(key)
  50   2           {
  51   3             case 'R':
  52   3             case 'r':
  53   3                        half_port = P1 & 0x0F;
  54   3                        putchar( ToASCII(half_port));                 
C51 COMPILER V9.57.0.0   MAIN                                                              04/21/2018 00:51:04 PAGE 2   

  55   3                        P1 = (~half_port << 4) | 0x0F; 
  56   3                        break;       
  57   3           }  
  58   2               
  59   2         }
  60   1        
  61   1      }


MODULE INFORMATION:   STATIC OVERLAYABLE
   CODE SIZE        =    111    ----
   CONSTANT SIZE    =     22    ----
   XDATA SIZE       =   ----    ----
   PDATA SIZE       =   ----    ----
   DATA SIZE        =   ----       2
   IDATA SIZE       =   ----    ----
   BIT SIZE         =   ----    ----
END OF MODULE INFORMATION.


C51 COMPILATION COMPLETE.  0 WARNING(S),  0 ERROR(S)
