C51 COMPILER V9.57.0.0   MAIN_2                                                            04/21/2018 14:39:01 PAGE 1   


C51 COMPILER V9.57.0.0, COMPILATION OF MODULE MAIN_2
OBJECT MODULE PLACED IN .\Objects\main_2.obj
COMPILER INVOKED BY: C:\Keil_v5\C51\BIN\C51.EXE main_2.c OPTIMIZE(8,SPEED) BROWSE DEBUG OBJECTEXTEND PRINT(.\Listings\ma
                    -in_2.lst) TABS(2) OBJECT(.\Objects\main_2.obj)

line level    source

   1          #include <at89c51xd2.h>
   2          
   3          void SetupSerial()
   4          {
   5   1      /*
   6   1        ------------------------------------------------
   7   1        Setup the serial port for 9600 baud at 22.1184MHz.
   8   1        ------------------------------------------------
   9   1      */
  10   1          SCON  = 0x50;               /* SCON: mode 1, 8-bit UART, enable rcvr      */
  11   1          TMOD |= 0x20;               /* TMOD: timer 1, mode 2, 8-bit reload        */
  12   1          
  13   1          /*  TH1 = ( 256 - ((22.1184MHZ / 12 ) / 32) / BaudRate ) = 256 - 6 = 250  */
  14   1          TH1   = 250;                /* TH1:  reload value for 9600 baud @ 22.1184MHz   */
  15   1          TR1   = 1;                  /* TR1:  timer 1 run                          */
  16   1          TI = 0;
  17   1          RI = 0;  
  18   1      }
  19          
  20          void __putchar(unsigned char ch)
  21          {
  22   1          SBUF = ch;
  23   1          while(TI == 0);
  24   1          TI = 0;
  25   1      }
  26          
  27          unsigned char __getchar()
  28          {
  29   1          unsigned char ch;
  30   1          while(RI == 0);
  31   1          ch = SBUF;
  32   1          RI = 0;
  33   1          return ch;
  34   1      }
  35          
  36          void printString(const char *s)
  37          {
  38   1          while(*s)
  39   1            __putchar(*(s++));  
  40   1      }
  41          
  42          unsigned char ToASCII(unsigned char val)
  43          {
  44   1            if( val >= 0  &&  val <=9 )
  45   1                return val + '0';
  46   1            else if ( val >= 0x0A &&  val <= 0x0F) 
  47   1                return val + 'A' - 10;  
  48   1            else
  49   1              return ' ';
  50   1      }
  51          
  52          void main()
  53          {
  54   1         unsigned char key = ' ';
C51 COMPILER V9.57.0.0   MAIN_2                                                            04/21/2018 14:39:01 PAGE 2   

  55   1         unsigned char half_port;
  56   1      
  57   1        
  58   1         SetupSerial();
  59   1         
  60   1         // 191 bytes of code without the printString function
  61   1        
  62   1         // 224 bytes of code with the printString function
  63   1         printString("\r\nTesting Serial UART\r\n");
  64   1        
  65   1         P1 = 0x0F;
  66   1        
  67   1         while(1)
  68   1         {
  69   2           key = __getchar();
  70   2           
  71   2           switch(key)
  72   2           {
  73   3             case 'R':
  74   3             case 'r':
  75   3                        half_port = P1 & 0x0F;
  76   3                        __putchar( ToASCII(half_port));                 
  77   3                        P1 = (~half_port << 4) | 0x0F; 
  78   3                        break;
  79   3             
  80   3           }  
  81   2               
  82   2         }
  83   1        
  84   1      }


MODULE INFORMATION:   STATIC OVERLAYABLE
   CODE SIZE        =    160    ----
   CONSTANT SIZE    =     24    ----
   XDATA SIZE       =   ----    ----
   PDATA SIZE       =   ----    ----
   DATA SIZE        =   ----       3
   IDATA SIZE       =   ----    ----
   BIT SIZE         =   ----    ----
END OF MODULE INFORMATION.


C51 COMPILATION COMPLETE.  0 WARNING(S),  0 ERROR(S)
